[     660ms] [ERROR] Loading the image 'https://i.liadm.com/s/66627?bidder_id=88068&bidder_uuid=bb9ad479-eb18-4512-9ed1-e0834afb5d4f-tuct10ac943b' violates the following Content Security Policy directive: "img-src 'self' data: blob: *.google.com *.google.com.mx *.google-analytics.com *.googletagmanager.com *.googlesyndication.com *.doubleclick.net *.google.co.uk *.google.ca *.google.com.au *.google.de *.google.fr *.google.es *.google.it *.google.nl *.google.co.in *.google.com.br *.google.co.jp *.facebook.com *.facebook.net *.licdn.com px.ads.linkedin.com px4.ads.linkedin.com *.ads-twitter.com *.twitter.com t.co analytics.twitter.com *.quora.com *.taboola.com *.bing.com *.pinimg.com *.pinterest.com ct.pinterest.com *.redditstatic.com *.reddit.com *.yimg.com s.yimg.com *.yahoo.com sp.analytics.yahoo.com *.tiktok.com *.tiktokw.us analytics-ipv6.tiktokw.us *.fullstory.com *.adsrvr.org *.spotify.com *.amazon *.wistia.com *.wistia.net *.typeform.com *.zendesk.com *.zdassets.com *.instagram.com *.cdninstagram.com *.bizee.com *.incfile.com *.amazonaws.com s3.amazonaws.com *.laravel.cloud *.hubspot.com *.hsforms.com *.visualwebsiteoptimizer.com *.buzzsprout.com *.cookielaw.org". The action has been blocked. @ https://bizee.com/llc-formation-by-state/louisiana/registered-agent:0
[     781ms] [ERROR] Loading the font 'https://fast.wistia.net/assets/external/fonts/Inter-Extended.woff' violates the following Content Security Policy directive: "font-src 'self' data: *.googleapis.com *.gstatic.com fonts.gstatic.com fonts.googleapis.com *.wistia.com fast.wistia.com". The action has been blocked. @ https://fast.wistia.com/assets/external/publicApi.js:0
[     781ms] [ERROR] Loading the font 'https://fast.wistia.net/assets/external/fonts/Inter-Cyrillic-Extended.woff' violates the following Content Security Policy directive: "font-src 'self' data: *.googleapis.com *.gstatic.com fonts.gstatic.com fonts.googleapis.com *.wistia.com fast.wistia.com". The action has been blocked. @ https://fast.wistia.com/assets/external/publicApi.js:0
[     781ms] [ERROR] Loading the font 'https://fast.wistia.net/assets/external/fonts/Inter-Cyrillic.woff' violates the following Content Security Policy directive: "font-src 'self' data: *.googleapis.com *.gstatic.com fonts.gstatic.com fonts.googleapis.com *.wistia.com fast.wistia.com". The action has been blocked. @ https://fast.wistia.com/assets/external/publicApi.js:0
[     781ms] [ERROR] Loading the font 'https://fast.wistia.net/assets/external/fonts/Inter-Greek-Extended.woff' violates the following Content Security Policy directive: "font-src 'self' data: *.googleapis.com *.gstatic.com fonts.gstatic.com fonts.googleapis.com *.wistia.com fast.wistia.com". The action has been blocked. @ https://fast.wistia.com/assets/external/publicApi.js:0
[     781ms] [ERROR] Loading the font 'https://fast.wistia.net/assets/external/fonts/Inter-Greek.woff' violates the following Content Security Policy directive: "font-src 'self' data: *.googleapis.com *.gstatic.com fonts.gstatic.com fonts.googleapis.com *.wistia.com fast.wistia.com". The action has been blocked. @ https://fast.wistia.com/assets/external/publicApi.js:0
[     781ms] [ERROR] Loading the font 'https://fast.wistia.net/assets/external/fonts/Inter-Vietnamese.woff' violates the following Content Security Policy directive: "font-src 'self' data: *.googleapis.com *.gstatic.com fonts.gstatic.com fonts.googleapis.com *.wistia.com fast.wistia.com". The action has been blocked. @ https://fast.wistia.com/assets/external/publicApi.js:0
[     781ms] [ERROR] Loading the font 'https://fast.wistia.net/assets/external/fonts/Inter-Latin-Extended.woff' violates the following Content Security Policy directive: "font-src 'self' data: *.googleapis.com *.gstatic.com fonts.gstatic.com fonts.googleapis.com *.wistia.com fast.wistia.com". The action has been blocked. @ https://fast.wistia.com/assets/external/publicApi.js:0
[    9257ms] TypeError: Cannot read properties of null (reading 'addEventListener')
    at https://orders.bizee.com/form-order-now.php?entityType=LLC&entityState=LA&gclid=CjwKCAjwyMnNBhBNEiwA-Kcgu_iGRMTznejfdunwdWx8EtdZUGVNrOa3BG8PUYFg82Ezw31kfAwRChoC3Y8QAvD_BwE&_gl=1*zxp0vs*_gcl_aw*R0NMLjE3NzMzNDIzNjQuQ2p3S0NBand5TW5OQmhCTkVpd0EtS2NndV9pR1JNVHpuZWpmZHVud2RXeDhFdGRaVUdWTnJPYTNCRzhQVVlGZzgyRXp3MzFrZkF3UkNob0MzWThRQXZEX0J3RQ..*_gcl_au*NzA3ODc0Ni4xNzczMzQyMzYz*_ga*MTQxNDg0OTQ2OS4xNzczMzQyMzY0*_ga_NZEMDY1LQS*czE3NzMzNDIzNjQkbzEkZzEkdDE3NzMzNDI4NjYkajYwJGwwJGgwJGRrTjZ3Tzk0cEtFRkRVWnQ2YnFqaTlqZkgzQmJqQzFQWHRn:4285:43
[    9588ms] [ERROR] Failed to load resource: the server responded with a status of 429 () @ https://o4503899162804224.ingest.us.sentry.io/api/4507822577876992/envelope/?sentry_version=7&sentry_key=2e132b4296627b8ce2931b0ebd756f03&sentry_client=sentry.javascript.browser%2F8.55.0:0
[    9815ms] [WARNING] [TikTok Pixel] - Missing 'content_id' paramter
Issue: The 'content_id' parameter isn't being received. This is required for Video Shopping Ads (VSA).
Suggestion: Include the 'content_id' parameter in your source code. This is required for Video Shopping Ads (VSA). See https://ads.tiktok.com/help/article/standard-events-parameters?redirected=2 for more information. @ https://browser.sentry-cdn.com/8.55.0/bundle.tracing.replay.min.js:1
[    9816ms] [WARNING] [TikTok Pixel] - Missing value for content ID
Issue: Include a value for your 'content_id' parameter. This is required for Video Shopping Ads (VSA).
Suggestion: If you are or plan to run Video Shopping Ads (VSA), go to your source code and include a value for the 'content_id' parameter. See https://ads.tiktok.com/help/article/standard-events-parameters?redirected=2 for more information. @ https://browser.sentry-cdn.com/8.55.0/bundle.tracing.replay.min.js:1
[   10645ms] [ERROR] Failed to load resource: the server responded with a status of 429 () @ https://o4503899162804224.ingest.us.sentry.io/api/4507822577876992/envelope/?sentry_version=7&sentry_key=2e132b4296627b8ce2931b0ebd756f03&sentry_client=sentry.javascript.browser%2F8.55.0:0
[  140106ms] [WARNING] [TikTok Pixel] - Missing 'content_id' paramter
Issue: The 'content_id' parameter isn't being received. This is required for Video Shopping Ads (VSA).
Suggestion: Include the 'content_id' parameter in your source code. This is required for Video Shopping Ads (VSA). See https://ads.tiktok.com/help/article/standard-events-parameters?redirected=2 for more information. @ https://browser.sentry-cdn.com/8.55.0/bundle.tracing.replay.min.js:1
[  140107ms] [WARNING] [TikTok Pixel] - Missing value for content ID
Issue: Include a value for your 'content_id' parameter. This is required for Video Shopping Ads (VSA).
Suggestion: If you are or plan to run Video Shopping Ads (VSA), go to your source code and include a value for the 'content_id' parameter. See https://ads.tiktok.com/help/article/standard-events-parameters?redirected=2 for more information. @ https://browser.sentry-cdn.com/8.55.0/bundle.tracing.replay.min.js:1
[  141465ms] [ERROR] Failed to load resource: the server responded with a status of 429 () @ https://o4503899162804224.ingest.us.sentry.io/api/4507822577876992/envelope/?sentry_version=7&sentry_key=2e132b4296627b8ce2931b0ebd756f03&sentry_client=sentry.javascript.browser%2F8.55.0:0
[  211501ms] [ERROR] Failed to load resource: the server responded with a status of 429 () @ https://o4503899162804224.ingest.us.sentry.io/api/4507822577876992/envelope/?sentry_version=7&sentry_key=2e132b4296627b8ce2931b0ebd756f03&sentry_client=sentry.javascript.browser%2F8.55.0:0
[  217968ms] [WARNING] [TikTok Pixel] - Missing value for content ID
Issue: Include a value for your 'content_id' parameter. This is required for Video Shopping Ads (VSA).
Suggestion: If you are or plan to run Video Shopping Ads (VSA), go to your source code and include a value for the 'content_id' parameter. See https://ads.tiktok.com/help/article/standard-events-parameters?redirected=2 for more information. @ https://browser.sentry-cdn.com/8.55.0/bundle.tracing.replay.min.js:1
[  219404ms] [ERROR] Failed to load resource: the server responded with a status of 429 () @ https://o4503899162804224.ingest.us.sentry.io/api/4507822577876992/envelope/?sentry_version=7&sentry_key=2e132b4296627b8ce2931b0ebd756f03&sentry_client=sentry.javascript.browser%2F8.55.0:0
[  240729ms] [ERROR] Failed to load resource: the server responded with a status of 429 () @ https://o4503899162804224.ingest.us.sentry.io/api/4507822577876992/envelope/?sentry_version=7&sentry_key=2e132b4296627b8ce2931b0ebd756f03&sentry_client=sentry.javascript.browser%2F8.55.0:0
[  291613ms] [ERROR] Failed to load resource: the server responded with a status of 429 () @ https://o4503899162804224.ingest.us.sentry.io/api/4507822577876992/envelope/?sentry_version=7&sentry_key=2e132b4296627b8ce2931b0ebd756f03&sentry_client=sentry.javascript.browser%2F8.55.0:0
[  330753ms] [ERROR] Failed to load resource: the server responded with a status of 429 () @ https://o4503899162804224.ingest.us.sentry.io/api/4507822577876992/envelope/?sentry_version=7&sentry_key=2e132b4296627b8ce2931b0ebd756f03&sentry_client=sentry.javascript.browser%2F8.55.0:0
[  425354ms] [ERROR] Failed to load resource: the server responded with a status of 429 () @ https://o4503899162804224.ingest.us.sentry.io/api/4507822577876992/envelope/?sentry_version=7&sentry_key=2e132b4296627b8ce2931b0ebd756f03&sentry_client=sentry.javascript.browser%2F8.55.0:0
[  439284ms] [ERROR] Failed to load resource: the server responded with a status of 429 () @ https://o4503899162804224.ingest.us.sentry.io/api/4507822577876992/envelope/?sentry_version=7&sentry_key=2e132b4296627b8ce2931b0ebd756f03&sentry_client=sentry.javascript.browser%2F8.55.0:0
[  449980ms] [ERROR] Failed to load resource: the server responded with a status of 429 () @ https://o4503899162804224.ingest.us.sentry.io/api/4507822577876992/envelope/?sentry_version=7&sentry_key=2e132b4296627b8ce2931b0ebd756f03&sentry_client=sentry.javascript.browser%2F8.55.0:0
[  468663ms] [ERROR] Failed to load resource: the server responded with a status of 429 () @ https://o4503899162804224.ingest.us.sentry.io/api/4507822577876992/envelope/?sentry_version=7&sentry_key=2e132b4296627b8ce2931b0ebd756f03&sentry_client=sentry.javascript.browser%2F8.55.0:0
[  479739ms] Uncaught (in promise) UnknownError: Failed to execute 'json' on 'Response': Unexpected end of JSON input
    at f (https://static.zdassets.com/web_widget/messenger/latest/web-widget-main-d1c461b.js:1:402855)
[  481471ms] [ERROR] Failed to load resource: the server responded with a status of 429 () @ https://o4503899162804224.ingest.us.sentry.io/api/4507822577876992/envelope/?sentry_version=7&sentry_key=2e132b4296627b8ce2931b0ebd756f03&sentry_client=sentry.javascript.browser%2F8.55.0:0
[  511517ms] [ERROR] Failed to load resource: the server responded with a status of 429 () @ https://o4503899162804224.ingest.us.sentry.io/api/4507822577876992/envelope/?sentry_version=7&sentry_key=2e132b4296627b8ce2931b0ebd756f03&sentry_client=sentry.javascript.browser%2F8.55.0:0
[  542644ms] [ERROR] Failed to load resource: the server responded with a status of 429 () @ https://o4503899162804224.ingest.us.sentry.io/api/4507822577876992/envelope/?sentry_version=7&sentry_key=2e132b4296627b8ce2931b0ebd756f03&sentry_client=sentry.javascript.browser%2F8.55.0:0
[ 1029316ms] [WARNING] [TikTok Pixel] - Missing value for content ID
Issue: Include a value for your 'content_id' parameter. This is required for Video Shopping Ads (VSA).
Suggestion: If you are or plan to run Video Shopping Ads (VSA), go to your source code and include a value for the 'content_id' parameter. See https://ads.tiktok.com/help/article/standard-events-parameters?redirected=2 for more information. @ https://browser.sentry-cdn.com/8.55.0/bundle.tracing.replay.min.js:1
[ 1031626ms] [ERROR] Failed to load resource: the server responded with a status of 429 () @ https://o4503899162804224.ingest.us.sentry.io/api/4507822577876992/envelope/?sentry_version=7&sentry_key=2e132b4296627b8ce2931b0ebd756f03&sentry_client=sentry.javascript.browser%2F8.55.0:0
[ 1051761ms] [ERROR] Failed to load resource: the server responded with a status of 429 () @ https://o4503899162804224.ingest.us.sentry.io/api/4507822577876992/envelope/?sentry_version=7&sentry_key=2e132b4296627b8ce2931b0ebd756f03&sentry_client=sentry.javascript.browser%2F8.55.0:0
[ 1053941ms] [WARNING] [TikTok Pixel] - Missing value for content ID
Issue: Include a value for your 'content_id' parameter. This is required for Video Shopping Ads (VSA).
Suggestion: If you are or plan to run Video Shopping Ads (VSA), go to your source code and include a value for the 'content_id' parameter. See https://ads.tiktok.com/help/article/standard-events-parameters?redirected=2 for more information. @ https://browser.sentry-cdn.com/8.55.0/bundle.tracing.replay.min.js:1
[ 1054148ms] [ERROR] Failed to load resource: the server responded with a status of 401 () @ https://orders.bizee.com/dashboard/payment-methods?single_view=0&is_settings=0:0
[ 1055075ms] [ERROR] Failed to load resource: the server responded with a status of 429 () @ https://o4503899162804224.ingest.us.sentry.io/api/4507822577876992/envelope/?sentry_version=7&sentry_key=2e132b4296627b8ce2931b0ebd756f03&sentry_client=sentry.javascript.browser%2F8.55.0:0
[ 1337586ms] TypeError: Cannot read properties of null (reading 'addEventListener')
    at https://orders.bizee.com/process-thankyou.php:860:43
[ 1337800ms] [ERROR] {ra: [object ErrorEvent] - undefined:undefined} @ https://browser.sentry-cdn.com/8.55.0/bundle.tracing.replay.min.js:1
[ 1337807ms] [WARNING] pixel already configured. @ https://browser.sentry-cdn.com/8.55.0/bundle.tracing.replay.min.js:1
[ 1337807ms] [WARNING] pixel already configured. @ https://browser.sentry-cdn.com/8.55.0/bundle.tracing.replay.min.js:1
[ 1337997ms] [WARNING] [TikTok Pixel] - Missing email and phone number
Issue: Email and phone number info isn't being received. This information is required for Complete Payment events.
Suggestion: Improve your email and phone coverage. This allows you to attribute more conversions and reach more people with your ads. See https://ads.tiktok.com/marketing_api/docs?rid=5ipocbxyw8v&id=1701890972946433 for more information. @ https://browser.sentry-cdn.com/8.55.0/bundle.tracing.replay.min.js:1
[ 1337998ms] [WARNING] [TikTok Pixel] - Missing 'content_id' paramter
Issue: The 'content_id' parameter isn't being received. This is required for Video Shopping Ads (VSA).
Suggestion: Include the 'content_id' parameter in your source code. This is required for Video Shopping Ads (VSA). See https://ads.tiktok.com/help/article/standard-events-parameters?redirected=2 for more information. @ https://browser.sentry-cdn.com/8.55.0/bundle.tracing.replay.min.js:1
[ 1338069ms] [ERROR] Failed to load resource: the server responded with a status of 429 () @ https://o4503899162804224.ingest.us.sentry.io/api/4507822577876992/envelope/?sentry_version=7&sentry_key=2e132b4296627b8ce2931b0ebd756f03&sentry_client=sentry.javascript.browser%2F8.55.0:0
[ 1338600ms] [ERROR] Attestation check for Attribution Reporting on https://www.google-analytics.com failed. @ https://orders.bizee.com/process-thankyou.php:0
[ 1338602ms] [ERROR] Attestation check for Attribution Reporting on https://www.facebook.com failed. @ https://orders.bizee.com/process-thankyou.php:0
[ 1338628ms] [ERROR] Failed to load resource: the server responded with a status of 404 (Not Found) @ https://incfile.go2cloud.org/aff_l?offer_id=1&adv_sub=silver&adv_sub2=226031289430&amount=105.00&transaction_id=:0
[ 1338681ms] [ERROR] Attestation check for Attribution Reporting on https://www.google-analytics.com failed. @ https://orders.bizee.com/process-thankyou.php:0
[ 1341321ms] [ERROR] Failed to load resource: the server responded with a status of 429 () @ https://o4503899162804224.ingest.us.sentry.io/api/4507822577876992/envelope/?sentry_version=7&sentry_key=2e132b4296627b8ce2931b0ebd756f03&sentry_client=sentry.javascript.browser%2F8.55.0:0
[ 1348829ms] [ERROR] Attestation check for Attribution Reporting on https://www.google-analytics.com failed. @ https://orders.bizee.com/process-thankyou.php:0
